{
  "RSpec": {
    "coverage": {
      "/Users/janicesmith/code_for_GA/RecipeMe/app/models/basket.rb": [
        1,
        1,
        1,
        null
      ],
      "/Users/janicesmith/code_for_GA/RecipeMe/app/models/favrecipe.rb": [
        1,
        1,
        1,
        null
      ],
      "/Users/janicesmith/code_for_GA/RecipeMe/app/models/ingredient.rb": [
        1,
        1,
        null
      ],
      "/Users/janicesmith/code_for_GA/RecipeMe/app/controllers/application_controller.rb": [
        1,
        null,
        null,
        1,
        null
      ],
      "/Users/janicesmith/code_for_GA/RecipeMe/app/controllers/home_controller.rb": [
        1,
        1,
        null,
        null
      ]
    },
    "timestamp": 1393967026
  }
}
